Analysis & Synthesis report for send_bytes
Mon Dec 02 12:59:32 2019
Quartus Prime Version 18.0.0 Build 614 04/24/2018 SJ Lite Edition


---------------------
; Table of Contents ;
---------------------
  1. Legal Notice
  2. Analysis & Synthesis Summary
  3. Analysis & Synthesis Settings
  4. Parallel Compilation
  5. Analysis & Synthesis Source Files Read
  6. Analysis & Synthesis Resource Usage Summary
  7. Analysis & Synthesis Resource Utilization by Entity
  8. State Machine - |send_bytes|rubiks_core:core|state
  9. State Machine - |send_bytes|rubiks_core:core|make_data_stream:mds|state
 10. State Machine - |send_bytes|rubiks_core:core|makesquares:ms|column
 11. State Machine - |send_bytes|rubiks_core:core|makesquares:ms|row
 12. State Machine - |send_bytes|rubiks_core:core|face_fsm:get_face|state
 13. Registers Removed During Synthesis
 14. Removed Registers Triggering Further Register Optimizations
 15. General Register Statistics
 16. Multiplexer Restructuring Statistics (Restructuring Performed)
 17. Port Connectivity Checks: "rubiks_core:core"
 18. Port Connectivity Checks: "rubiks_spi:spi"
 19. Post-Synthesis Netlist Statistics for Top Partition
 20. Elapsed Time Per Partition
 21. Analysis & Synthesis Messages



----------------
; Legal Notice ;
----------------
Copyright (C) 2018  Intel Corporation. All rights reserved.
Your use of Intel Corporation's design tools, logic functions 
and other software and tools, and its AMPP partner logic 
functions, and any output files from any of the foregoing 
(including device programming or simulation files), and any 
associated documentation or information are expressly subject 
to the terms and conditions of the Intel Program License 
Subscription Agreement, the Intel Quartus Prime License Agreement,
the Intel FPGA IP License Agreement, or other applicable license
agreement, including, without limitation, that your use is for
the sole purpose of programming logic devices manufactured by
Intel and sold by Intel or its authorized distributors.  Please
refer to the applicable agreement for further details.



+----------------------------------------------------------------------------------+
; Analysis & Synthesis Summary                                                     ;
+------------------------------------+---------------------------------------------+
; Analysis & Synthesis Status        ; Successful - Mon Dec 02 12:59:32 2019       ;
; Quartus Prime Version              ; 18.0.0 Build 614 04/24/2018 SJ Lite Edition ;
; Revision Name                      ; send_bytes                                  ;
; Top-level Entity Name              ; send_bytes                                  ;
; Family                             ; Cyclone IV E                                ;
; Total logic elements               ; 146                                         ;
;     Total combinational functions  ; 142                                         ;
;     Dedicated logic registers      ; 55                                          ;
; Total registers                    ; 55                                          ;
; Total pins                         ; 6                                           ;
; Total virtual pins                 ; 0                                           ;
; Total memory bits                  ; 0                                           ;
; Embedded Multiplier 9-bit elements ; 0                                           ;
; Total PLLs                         ; 0                                           ;
+------------------------------------+---------------------------------------------+


+------------------------------------------------------------------------------------------------------------+
; Analysis & Synthesis Settings                                                                              ;
+------------------------------------------------------------------+--------------------+--------------------+
; Option                                                           ; Setting            ; Default Value      ;
+------------------------------------------------------------------+--------------------+--------------------+
; Device                                                           ; EP4CE6E22C8        ;                    ;
; Top-level entity name                                            ; send_bytes         ; send_bytes         ;
; Family name                                                      ; Cyclone IV E       ; Cyclone V          ;
; Use smart compilation                                            ; Off                ; Off                ;
; Enable parallel Assembler and Timing Analyzer during compilation ; On                 ; On                 ;
; Enable compact report table                                      ; Off                ; Off                ;
; Restructure Multiplexers                                         ; Auto               ; Auto               ;
; Create Debugging Nodes for IP Cores                              ; Off                ; Off                ;
; Preserve fewer node names                                        ; On                 ; On                 ;
; Intel FPGA IP Evaluation Mode                                    ; Enable             ; Enable             ;
; Verilog Version                                                  ; Verilog_2001       ; Verilog_2001       ;
; VHDL Version                                                     ; VHDL_1993          ; VHDL_1993          ;
; State Machine Processing                                         ; Auto               ; Auto               ;
; Safe State Machine                                               ; Off                ; Off                ;
; Extract Verilog State Machines                                   ; On                 ; On                 ;
; Extract VHDL State Machines                                      ; On                 ; On                 ;
; Ignore Verilog initial constructs                                ; Off                ; Off                ;
; Iteration limit for constant Verilog loops                       ; 5000               ; 5000               ;
; Iteration limit for non-constant Verilog loops                   ; 250                ; 250                ;
; Add Pass-Through Logic to Inferred RAMs                          ; On                 ; On                 ;
; Infer RAMs from Raw Logic                                        ; On                 ; On                 ;
; Parallel Synthesis                                               ; On                 ; On                 ;
; DSP Block Balancing                                              ; Auto               ; Auto               ;
; NOT Gate Push-Back                                               ; On                 ; On                 ;
; Power-Up Don't Care                                              ; On                 ; On                 ;
; Remove Redundant Logic Cells                                     ; Off                ; Off                ;
; Remove Duplicate Registers                                       ; On                 ; On                 ;
; Ignore CARRY Buffers                                             ; Off                ; Off                ;
; Ignore CASCADE Buffers                                           ; Off                ; Off                ;
; Ignore GLOBAL Buffers                                            ; Off                ; Off                ;
; Ignore ROW GLOBAL Buffers                                        ; Off                ; Off                ;
; Ignore LCELL Buffers                                             ; Off                ; Off                ;
; Ignore SOFT Buffers                                              ; On                 ; On                 ;
; Limit AHDL Integers to 32 Bits                                   ; Off                ; Off                ;
; Optimization Technique                                           ; Balanced           ; Balanced           ;
; Carry Chain Length                                               ; 70                 ; 70                 ;
; Auto Carry Chains                                                ; On                 ; On                 ;
; Auto Open-Drain Pins                                             ; On                 ; On                 ;
; Perform WYSIWYG Primitive Resynthesis                            ; Off                ; Off                ;
; Auto ROM Replacement                                             ; On                 ; On                 ;
; Auto RAM Replacement                                             ; On                 ; On                 ;
; Auto DSP Block Replacement                                       ; On                 ; On                 ;
; Auto Shift Register Replacement                                  ; Auto               ; Auto               ;
; Allow Shift Register Merging across Hierarchies                  ; Auto               ; Auto               ;
; Auto Clock Enable Replacement                                    ; On                 ; On                 ;
; Strict RAM Replacement                                           ; Off                ; Off                ;
; Allow Synchronous Control Signals                                ; On                 ; On                 ;
; Force Use of Synchronous Clear Signals                           ; Off                ; Off                ;
; Auto RAM Block Balancing                                         ; On                 ; On                 ;
; Auto RAM to Logic Cell Conversion                                ; Off                ; Off                ;
; Auto Resource Sharing                                            ; Off                ; Off                ;
; Allow Any RAM Size For Recognition                               ; Off                ; Off                ;
; Allow Any ROM Size For Recognition                               ; Off                ; Off                ;
; Allow Any Shift Register Size For Recognition                    ; Off                ; Off                ;
; Use LogicLock Constraints during Resource Balancing              ; On                 ; On                 ;
; Ignore translate_off and synthesis_off directives                ; Off                ; Off                ;
; Timing-Driven Synthesis                                          ; On                 ; On                 ;
; Report Parameter Settings                                        ; On                 ; On                 ;
; Report Source Assignments                                        ; On                 ; On                 ;
; Report Connectivity Checks                                       ; On                 ; On                 ;
; Ignore Maximum Fan-Out Assignments                               ; Off                ; Off                ;
; Synchronization Register Chain Length                            ; 2                  ; 2                  ;
; Power Optimization During Synthesis                              ; Normal compilation ; Normal compilation ;
; HDL message level                                                ; Level2             ; Level2             ;
; Suppress Register Optimization Related Messages                  ; Off                ; Off                ;
; Number of Removed Registers Reported in Synthesis Report         ; 5000               ; 5000               ;
; Number of Swept Nodes Reported in Synthesis Report               ; 5000               ; 5000               ;
; Number of Inverted Registers Reported in Synthesis Report        ; 100                ; 100                ;
; Clock MUX Protection                                             ; On                 ; On                 ;
; Auto Gated Clock Conversion                                      ; Off                ; Off                ;
; Block Design Naming                                              ; Auto               ; Auto               ;
; SDC constraint protection                                        ; Off                ; Off                ;
; Synthesis Effort                                                 ; Auto               ; Auto               ;
; Shift Register Replacement - Allow Asynchronous Clear Signal     ; On                 ; On                 ;
; Pre-Mapping Resynthesis Optimization                             ; Off                ; Off                ;
; Analysis & Synthesis Message Level                               ; Medium             ; Medium             ;
; Disable Register Merging Across Hierarchies                      ; Auto               ; Auto               ;
; Resource Aware Inference For Block RAM                           ; On                 ; On                 ;
+------------------------------------------------------------------+--------------------+--------------------+


+------------------------------------------+
; Parallel Compilation                     ;
+----------------------------+-------------+
; Processors                 ; Number      ;
+----------------------------+-------------+
; Number detected on machine ; 4           ;
; Maximum allowed            ; 2           ;
;                            ;             ;
; Average used               ; 1.00        ;
; Maximum used               ; 2           ;
;                            ;             ;
; Usage by Processor         ; % Time Used ;
;     Processor 1            ; 100.0%      ;
;     Processor 2            ;   0.0%      ;
+----------------------------+-------------+


+---------------------------------------------------------------------------------------------------------------------------------------------------------------------+
; Analysis & Synthesis Source Files Read                                                                                                                              ;
+----------------------------------+-----------------+------------------------------------+-----------------------------------------------------------------+---------+
; File Name with User-Entered Path ; Used in Netlist ; File Type                          ; File Name with Absolute Path                                    ; Library ;
+----------------------------------+-----------------+------------------------------------+-----------------------------------------------------------------+---------+
; send_bytes.sv                    ; yes             ; Auto-Found SystemVerilog HDL File  ; C:/Users/atrujillo/Documents/GitHub/microps/final/send_bytes.sv ;         ;
+----------------------------------+-----------------+------------------------------------+-----------------------------------------------------------------+---------+


+---------------------------------------------------------+
; Analysis & Synthesis Resource Usage Summary             ;
+---------------------------------------------+-----------+
; Resource                                    ; Usage     ;
+---------------------------------------------+-----------+
; Estimated Total logic elements              ; 146       ;
;                                             ;           ;
; Total combinational functions               ; 142       ;
; Logic element usage by number of LUT inputs ;           ;
;     -- 4 input functions                    ; 77        ;
;     -- 3 input functions                    ; 18        ;
;     -- <=2 input functions                  ; 47        ;
;                                             ;           ;
; Logic elements by mode                      ;           ;
;     -- normal mode                          ; 120       ;
;     -- arithmetic mode                      ; 22        ;
;                                             ;           ;
; Total registers                             ; 55        ;
;     -- Dedicated logic registers            ; 55        ;
;     -- I/O registers                        ; 0         ;
;                                             ;           ;
; I/O pins                                    ; 6         ;
;                                             ;           ;
; Embedded Multiplier 9-bit elements          ; 0         ;
;                                             ;           ;
; Maximum fan-out node                        ; clk~input ;
; Maximum fan-out                             ; 55        ;
; Total fan-out                               ; 640       ;
; Average fan-out                             ; 3.06      ;
+---------------------------------------------+-----------+


+-----------------------------------------------------------------------------------------------------------------------------------------------------------------------------------------------------------------------------------------------------------------------------------------------+
; Analysis & Synthesis Resource Utilization by Entity                                                                                                                                                                                                                                           ;
+------------------------------------------+---------------------+---------------------------+-------------+--------------+---------+-----------+------+--------------+------------------------------------------------------------------------------------+---------------------+--------------+
; Compilation Hierarchy Node               ; Combinational ALUTs ; Dedicated Logic Registers ; Memory Bits ; DSP Elements ; DSP 9x9 ; DSP 18x18 ; Pins ; Virtual Pins ; Full Hierarchy Name                                                                ; Entity Name         ; Library Name ;
+------------------------------------------+---------------------+---------------------------+-------------+--------------+---------+-----------+------+--------------+------------------------------------------------------------------------------------+---------------------+--------------+
; |send_bytes                              ; 142 (0)             ; 55 (0)                    ; 0           ; 0            ; 0       ; 0         ; 6    ; 0            ; |send_bytes                                                                        ; send_bytes          ; work         ;
;    |rubiks_core:core|                    ; 142 (19)            ; 55 (12)                   ; 0           ; 0            ; 0       ; 0         ; 0    ; 0            ; |send_bytes|rubiks_core:core                                                       ; rubiks_core         ; work         ;
;       |face_fsm:get_face|                ; 6 (6)               ; 6 (6)                     ; 0           ; 0            ; 0       ; 0         ; 0    ; 0            ; |send_bytes|rubiks_core:core|face_fsm:get_face                                     ; face_fsm            ; work         ;
;       |make_data_stream:mds|             ; 64 (64)             ; 21 (21)                   ; 0           ; 0            ; 0       ; 0         ; 0    ; 0            ; |send_bytes|rubiks_core:core|make_data_stream:mds                                  ; make_data_stream    ; work         ;
;       |makesquares:ms|                   ; 53 (34)             ; 16 (16)                   ; 0           ; 0            ; 0       ; 0         ; 0    ; 0            ; |send_bytes|rubiks_core:core|makesquares:ms                                        ; makesquares         ; work         ;
;          |colormux:cm|                   ; 19 (17)             ; 0 (0)                     ; 0           ; 0            ; 0       ; 0         ; 0    ; 0            ; |send_bytes|rubiks_core:core|makesquares:ms|colormux:cm                            ; colormux            ; work         ;
;             |convert_orientation:color1| ; 2 (2)               ; 0 (0)                     ; 0           ; 0            ; 0       ; 0         ; 0    ; 0            ; |send_bytes|rubiks_core:core|makesquares:ms|colormux:cm|convert_orientation:color1 ; convert_orientation ; work         ;
+------------------------------------------+---------------------+---------------------------+-------------+--------------+---------+-----------+------+--------------+------------------------------------------------------------------------------------+---------------------+--------------+
Note: For table entries with two numbers listed, the numbers in parentheses indicate the number of resources of the given type used by the specific entity alone. The numbers listed outside of parentheses indicate the total resources of the given type used by the specific entity and all of its sub-entities in the hierarchy.


Encoding Type:  One-Hot
+---------------------------------------------------------------------------------+
; State Machine - |send_bytes|rubiks_core:core|state                              ;
+-----------------+------------+----------------+---------------+-----------------+
; Name            ; state.over ; state.new_face ; state.sending ; state.switching ;
+-----------------+------------+----------------+---------------+-----------------+
; state.switching ; 0          ; 0              ; 0             ; 0               ;
; state.sending   ; 0          ; 0              ; 1             ; 1               ;
; state.new_face  ; 0          ; 1              ; 0             ; 1               ;
; state.over      ; 1          ; 0              ; 0             ; 1               ;
+-----------------+------------+----------------+---------------+-----------------+


Encoding Type:  One-Hot
+-------------------------------------------------------------------------+
; State Machine - |send_bytes|rubiks_core:core|make_data_stream:mds|state ;
+-----------+-----------+-----------+-----------+-----------+-------------+
; Name      ; state.T1L ; state.T0L ; state.T1H ; state.T0H ; state.R     ;
+-----------+-----------+-----------+-----------+-----------+-------------+
; state.T0H ; 0         ; 0         ; 0         ; 0         ; 0           ;
; state.T1H ; 0         ; 0         ; 1         ; 1         ; 0           ;
; state.T0L ; 0         ; 1         ; 0         ; 1         ; 0           ;
; state.T1L ; 1         ; 0         ; 0         ; 1         ; 0           ;
; state.R   ; 0         ; 0         ; 0         ; 1         ; 1           ;
+-----------+-----------+-----------+-----------+-----------+-------------+


Encoding Type:  One-Hot
+-------------------------------------------------------------------------------------------------------------------------------------------+
; State Machine - |send_bytes|rubiks_core:core|makesquares:ms|column                                                                        ;
+-------------+-------------+-------------+-------------+-------------+-------------+-------------+-------------+-------------+-------------+
; Name        ; column.0111 ; column.0110 ; column.0101 ; column.0100 ; column.0011 ; column.0010 ; column.0001 ; column.0000 ; column.1000 ;
+-------------+-------------+-------------+-------------+-------------+-------------+-------------+-------------+-------------+-------------+
; column.0000 ; 0           ; 0           ; 0           ; 0           ; 0           ; 0           ; 0           ; 0           ; 0           ;
; column.0001 ; 0           ; 0           ; 0           ; 0           ; 0           ; 0           ; 1           ; 1           ; 0           ;
; column.0010 ; 0           ; 0           ; 0           ; 0           ; 0           ; 1           ; 0           ; 1           ; 0           ;
; column.0011 ; 0           ; 0           ; 0           ; 0           ; 1           ; 0           ; 0           ; 1           ; 0           ;
; column.0100 ; 0           ; 0           ; 0           ; 1           ; 0           ; 0           ; 0           ; 1           ; 0           ;
; column.0101 ; 0           ; 0           ; 1           ; 0           ; 0           ; 0           ; 0           ; 1           ; 0           ;
; column.0110 ; 0           ; 1           ; 0           ; 0           ; 0           ; 0           ; 0           ; 1           ; 0           ;
; column.0111 ; 1           ; 0           ; 0           ; 0           ; 0           ; 0           ; 0           ; 1           ; 0           ;
; column.1000 ; 0           ; 0           ; 0           ; 0           ; 0           ; 0           ; 0           ; 1           ; 1           ;
+-------------+-------------+-------------+-------------+-------------+-------------+-------------+-------------+-------------+-------------+


Encoding Type:  One-Hot
+------------------------------------------------------------------------------------------------------------------------+
; State Machine - |send_bytes|rubiks_core:core|makesquares:ms|row                                                        ;
+----------+----------+----------+----------+----------+----------+----------+----------+----------+----------+----------+
; Name     ; row.1001 ; row.1000 ; row.0111 ; row.0110 ; row.0101 ; row.0100 ; row.0011 ; row.0010 ; row.0001 ; row.0000 ;
+----------+----------+----------+----------+----------+----------+----------+----------+----------+----------+----------+
; row.0000 ; 0        ; 0        ; 0        ; 0        ; 0        ; 0        ; 0        ; 0        ; 0        ; 0        ;
; row.0001 ; 0        ; 0        ; 0        ; 0        ; 0        ; 0        ; 0        ; 0        ; 1        ; 1        ;
; row.0010 ; 0        ; 0        ; 0        ; 0        ; 0        ; 0        ; 0        ; 1        ; 0        ; 1        ;
; row.0011 ; 0        ; 0        ; 0        ; 0        ; 0        ; 0        ; 1        ; 0        ; 0        ; 1        ;
; row.0100 ; 0        ; 0        ; 0        ; 0        ; 0        ; 1        ; 0        ; 0        ; 0        ; 1        ;
; row.0101 ; 0        ; 0        ; 0        ; 0        ; 1        ; 0        ; 0        ; 0        ; 0        ; 1        ;
; row.0110 ; 0        ; 0        ; 0        ; 1        ; 0        ; 0        ; 0        ; 0        ; 0        ; 1        ;
; row.0111 ; 0        ; 0        ; 1        ; 0        ; 0        ; 0        ; 0        ; 0        ; 0        ; 1        ;
; row.1000 ; 0        ; 1        ; 0        ; 0        ; 0        ; 0        ; 0        ; 0        ; 0        ; 1        ;
; row.1001 ; 1        ; 0        ; 0        ; 0        ; 0        ; 0        ; 0        ; 0        ; 0        ; 1        ;
+----------+----------+----------+----------+----------+----------+----------+----------+----------+----------+----------+


Encoding Type:  One-Hot
+--------------------------------------------------------------------------------------------------------------------------------------------------+
; State Machine - |send_bytes|rubiks_core:core|face_fsm:get_face|state                                                                             ;
+-------------------+------------+-------------------+-----------------+------------------+-------------------+-------------------+----------------+
; Name              ; state.over ; state.purple_face ; state.blue_face ; state.green_face ; state.yellow_face ; state.orange_face ; state.red_face ;
+-------------------+------------+-------------------+-----------------+------------------+-------------------+-------------------+----------------+
; state.red_face    ; 0          ; 0                 ; 0               ; 0                ; 0                 ; 0                 ; 0              ;
; state.orange_face ; 0          ; 0                 ; 0               ; 0                ; 0                 ; 1                 ; 1              ;
; state.yellow_face ; 0          ; 0                 ; 0               ; 0                ; 1                 ; 0                 ; 1              ;
; state.green_face  ; 0          ; 0                 ; 0               ; 1                ; 0                 ; 0                 ; 1              ;
; state.blue_face   ; 0          ; 0                 ; 1               ; 0                ; 0                 ; 0                 ; 1              ;
; state.purple_face ; 0          ; 1                 ; 0               ; 0                ; 0                 ; 0                 ; 1              ;
; state.over        ; 1          ; 0                 ; 0               ; 0                ; 0                 ; 0                 ; 1              ;
+-------------------+------------+-------------------+-----------------+------------------+-------------------+-------------------+----------------+


+----------------------------------------------------------------------------------------+
; Registers Removed During Synthesis                                                     ;
+-----------------------------------------------+----------------------------------------+
; Register name                                 ; Reason for Removal                     ;
+-----------------------------------------------+----------------------------------------+
; rubiks_core:core|face_count[0..2]             ; Lost fanout                            ;
; rubiks_core:core|state~4                      ; Lost fanout                            ;
; rubiks_core:core|state~5                      ; Lost fanout                            ;
; rubiks_core:core|make_data_stream:mds|state~2 ; Lost fanout                            ;
; rubiks_core:core|make_data_stream:mds|state~3 ; Lost fanout                            ;
; rubiks_core:core|makesquares:ms|column~11     ; Lost fanout                            ;
; rubiks_core:core|makesquares:ms|column~12     ; Lost fanout                            ;
; rubiks_core:core|makesquares:ms|column~13     ; Lost fanout                            ;
; rubiks_core:core|makesquares:ms|row~12        ; Lost fanout                            ;
; rubiks_core:core|makesquares:ms|row~13        ; Lost fanout                            ;
; rubiks_core:core|makesquares:ms|row~14        ; Lost fanout                            ;
; rubiks_core:core|makesquares:ms|row~15        ; Lost fanout                            ;
; rubiks_core:core|face_fsm:get_face|state~2    ; Lost fanout                            ;
; rubiks_core:core|face_fsm:get_face|state~3    ; Lost fanout                            ;
; rubiks_core:core|face_fsm:get_face|state~4    ; Lost fanout                            ;
; rubiks_core:core|face_fsm:get_face|state~5    ; Lost fanout                            ;
; rubiks_core:core|state.over                   ; Lost fanout                            ;
; rubiks_core:core|makesquares:ms|column.1000   ; Lost fanout                            ;
; rubiks_core:core|makesquares:ms|row.1000      ; Lost fanout                            ;
; rubiks_core:core|face_fsm:get_face|state.over ; Lost fanout                            ;
; rubiks_core:core|makesquares:ms|row.1001      ; Stuck at GND due to stuck port data_in ;
; Total Number of Removed Registers = 23        ;                                        ;
+-----------------------------------------------+----------------------------------------+


+-----------------------------------------------------------------------------------------------------------------+
; Removed Registers Triggering Further Register Optimizations                                                     ;
+--------------------------------------------+--------------------+-----------------------------------------------+
; Register name                              ; Reason for Removal ; Registers Removed due to This Register        ;
+--------------------------------------------+--------------------+-----------------------------------------------+
; rubiks_core:core|face_count[1]             ; Lost Fanouts       ; rubiks_core:core|face_count[0]                ;
; rubiks_core:core|state~4                   ; Lost Fanouts       ; rubiks_core:core|state.over                   ;
; rubiks_core:core|makesquares:ms|row~15     ; Lost Fanouts       ; rubiks_core:core|makesquares:ms|row.1000      ;
; rubiks_core:core|face_fsm:get_face|state~3 ; Lost Fanouts       ; rubiks_core:core|face_fsm:get_face|state.over ;
+--------------------------------------------+--------------------+-----------------------------------------------+


+------------------------------------------------------+
; General Register Statistics                          ;
+----------------------------------------------+-------+
; Statistic                                    ; Value ;
+----------------------------------------------+-------+
; Total registers                              ; 55    ;
; Number of registers using Synchronous Clear  ; 37    ;
; Number of registers using Synchronous Load   ; 0     ;
; Number of registers using Asynchronous Clear ; 0     ;
; Number of registers using Asynchronous Load  ; 0     ;
; Number of registers using Clock Enable       ; 35    ;
; Number of registers using Preset             ; 0     ;
+----------------------------------------------+-------+


+-------------------------------------------------------------------------------------------------------------------------------------------------------------------------------+
; Multiplexer Restructuring Statistics (Restructuring Performed)                                                                                                                ;
+--------------------+-----------+---------------+----------------------+------------------------+------------+-----------------------------------------------------------------+
; Multiplexer Inputs ; Bus Width ; Baseline Area ; Area if Restructured ; Saving if Restructured ; Registered ; Example Multiplexer Output                                      ;
+--------------------+-----------+---------------+----------------------+------------------------+------------+-----------------------------------------------------------------+
; 3:1                ; 3 bits    ; 6 LEs         ; 3 LEs                ; 3 LEs                  ; Yes        ; |send_bytes|rubiks_core:core|face_count[1]                      ;
; 3:1                ; 9 bits    ; 18 LEs        ; 9 LEs                ; 9 LEs                  ; Yes        ; |send_bytes|rubiks_core:core|count[8]                           ;
; 3:1                ; 11 bits   ; 22 LEs        ; 11 LEs               ; 11 LEs                 ; Yes        ; |send_bytes|rubiks_core:core|make_data_stream:mds|count[6]      ;
; 3:1                ; 5 bits    ; 10 LEs        ; 5 LEs                ; 5 LEs                  ; Yes        ; |send_bytes|rubiks_core:core|make_data_stream:mds|bitcounter[4] ;
; 3:1                ; 5 bits    ; 10 LEs        ; 10 LEs               ; 0 LEs                  ; No         ; |send_bytes|rubiks_core:core|face_fsm:get_face|state            ;
; 3:1                ; 2 bits    ; 4 LEs         ; 4 LEs                ; 0 LEs                  ; No         ; |send_bytes|rubiks_core:core|state                              ;
; 3:1                ; 2 bits    ; 4 LEs         ; 4 LEs                ; 0 LEs                  ; No         ; |send_bytes|rubiks_core:core|make_data_stream:mds|state         ;
; 3:1                ; 7 bits    ; 14 LEs        ; 14 LEs               ; 0 LEs                  ; No         ; |send_bytes|rubiks_core:core|makesquares:ms|column              ;
; 3:1                ; 2 bits    ; 4 LEs         ; 4 LEs                ; 0 LEs                  ; No         ; |send_bytes|rubiks_core:core|makesquares:ms|row                 ;
; 4:1                ; 5 bits    ; 10 LEs        ; 10 LEs               ; 0 LEs                  ; No         ; |send_bytes|rubiks_core:core|makesquares:ms|row                 ;
+--------------------+-----------+---------------+----------------------+------------------------+------------+-----------------------------------------------------------------+


+---------------------------------------------------------+
; Port Connectivity Checks: "rubiks_core:core"            ;
+-----------------------+-------+----------+--------------+
; Port                  ; Type  ; Severity ; Details      ;
+-----------------------+-------+----------+--------------+
; orientation[281..280] ; Input ; Info     ; Stuck at VCC ;
; orientation[273..272] ; Input ; Info     ; Stuck at VCC ;
; orientation[265..264] ; Input ; Info     ; Stuck at VCC ;
; orientation[257..256] ; Input ; Info     ; Stuck at VCC ;
; orientation[249..248] ; Input ; Info     ; Stuck at VCC ;
; orientation[241..240] ; Input ; Info     ; Stuck at VCC ;
; orientation[233..232] ; Input ; Info     ; Stuck at VCC ;
; orientation[225..224] ; Input ; Info     ; Stuck at VCC ;
; orientation[217..216] ; Input ; Info     ; Stuck at VCC ;
; orientation[431..427] ; Input ; Info     ; Stuck at GND ;
; orientation[423..419] ; Input ; Info     ; Stuck at GND ;
; orientation[415..411] ; Input ; Info     ; Stuck at GND ;
; orientation[407..403] ; Input ; Info     ; Stuck at GND ;
; orientation[399..395] ; Input ; Info     ; Stuck at GND ;
; orientation[391..387] ; Input ; Info     ; Stuck at GND ;
; orientation[383..379] ; Input ; Info     ; Stuck at GND ;
; orientation[375..371] ; Input ; Info     ; Stuck at GND ;
; orientation[367..363] ; Input ; Info     ; Stuck at GND ;
; orientation[359..355] ; Input ; Info     ; Stuck at GND ;
; orientation[353..347] ; Input ; Info     ; Stuck at GND ;
; orientation[345..339] ; Input ; Info     ; Stuck at GND ;
; orientation[337..331] ; Input ; Info     ; Stuck at GND ;
; orientation[329..323] ; Input ; Info     ; Stuck at GND ;
; orientation[321..315] ; Input ; Info     ; Stuck at GND ;
; orientation[313..307] ; Input ; Info     ; Stuck at GND ;
; orientation[305..299] ; Input ; Info     ; Stuck at GND ;
; orientation[297..291] ; Input ; Info     ; Stuck at GND ;
; orientation[289..282] ; Input ; Info     ; Stuck at GND ;
; orientation[279..274] ; Input ; Info     ; Stuck at GND ;
; orientation[271..266] ; Input ; Info     ; Stuck at GND ;
; orientation[263..258] ; Input ; Info     ; Stuck at GND ;
; orientation[255..250] ; Input ; Info     ; Stuck at GND ;
; orientation[247..242] ; Input ; Info     ; Stuck at GND ;
; orientation[239..234] ; Input ; Info     ; Stuck at GND ;
; orientation[231..226] ; Input ; Info     ; Stuck at GND ;
; orientation[223..218] ; Input ; Info     ; Stuck at GND ;
; orientation[215..210] ; Input ; Info     ; Stuck at GND ;
; orientation[208..202] ; Input ; Info     ; Stuck at GND ;
; orientation[200..194] ; Input ; Info     ; Stuck at GND ;
; orientation[192..186] ; Input ; Info     ; Stuck at GND ;
; orientation[184..178] ; Input ; Info     ; Stuck at GND ;
; orientation[176..170] ; Input ; Info     ; Stuck at GND ;
; orientation[168..162] ; Input ; Info     ; Stuck at GND ;
; orientation[160..154] ; Input ; Info     ; Stuck at GND ;
; orientation[152..146] ; Input ; Info     ; Stuck at GND ;
; orientation[144..137] ; Input ; Info     ; Stuck at GND ;
; orientation[135..129] ; Input ; Info     ; Stuck at GND ;
; orientation[127..121] ; Input ; Info     ; Stuck at GND ;
; orientation[119..113] ; Input ; Info     ; Stuck at GND ;
; orientation[111..105] ; Input ; Info     ; Stuck at GND ;
; orientation[103..97]  ; Input ; Info     ; Stuck at GND ;
; orientation[95..89]   ; Input ; Info     ; Stuck at GND ;
; orientation[87..81]   ; Input ; Info     ; Stuck at GND ;
; orientation[79..73]   ; Input ; Info     ; Stuck at GND ;
; orientation[71..0]    ; Input ; Info     ; Stuck at GND ;
; orientation[426]      ; Input ; Info     ; Stuck at VCC ;
; orientation[425]      ; Input ; Info     ; Stuck at GND ;
; orientation[424]      ; Input ; Info     ; Stuck at VCC ;
; orientation[418]      ; Input ; Info     ; Stuck at VCC ;
; orientation[417]      ; Input ; Info     ; Stuck at GND ;
; orientation[416]      ; Input ; Info     ; Stuck at VCC ;
; orientation[410]      ; Input ; Info     ; Stuck at VCC ;
; orientation[409]      ; Input ; Info     ; Stuck at GND ;
; orientation[408]      ; Input ; Info     ; Stuck at VCC ;
; orientation[402]      ; Input ; Info     ; Stuck at VCC ;
; orientation[401]      ; Input ; Info     ; Stuck at GND ;
; orientation[400]      ; Input ; Info     ; Stuck at VCC ;
; orientation[394]      ; Input ; Info     ; Stuck at VCC ;
; orientation[393]      ; Input ; Info     ; Stuck at GND ;
; orientation[392]      ; Input ; Info     ; Stuck at VCC ;
; orientation[386]      ; Input ; Info     ; Stuck at VCC ;
; orientation[385]      ; Input ; Info     ; Stuck at GND ;
; orientation[384]      ; Input ; Info     ; Stuck at VCC ;
; orientation[378]      ; Input ; Info     ; Stuck at VCC ;
; orientation[377]      ; Input ; Info     ; Stuck at GND ;
; orientation[376]      ; Input ; Info     ; Stuck at VCC ;
; orientation[370]      ; Input ; Info     ; Stuck at VCC ;
; orientation[369]      ; Input ; Info     ; Stuck at GND ;
; orientation[368]      ; Input ; Info     ; Stuck at VCC ;
; orientation[362]      ; Input ; Info     ; Stuck at VCC ;
; orientation[361]      ; Input ; Info     ; Stuck at GND ;
; orientation[360]      ; Input ; Info     ; Stuck at VCC ;
; orientation[354]      ; Input ; Info     ; Stuck at VCC ;
; orientation[346]      ; Input ; Info     ; Stuck at VCC ;
; orientation[338]      ; Input ; Info     ; Stuck at VCC ;
; orientation[330]      ; Input ; Info     ; Stuck at VCC ;
; orientation[322]      ; Input ; Info     ; Stuck at VCC ;
; orientation[314]      ; Input ; Info     ; Stuck at VCC ;
; orientation[306]      ; Input ; Info     ; Stuck at VCC ;
; orientation[298]      ; Input ; Info     ; Stuck at VCC ;
; orientation[290]      ; Input ; Info     ; Stuck at VCC ;
; orientation[209]      ; Input ; Info     ; Stuck at VCC ;
; orientation[201]      ; Input ; Info     ; Stuck at VCC ;
; orientation[193]      ; Input ; Info     ; Stuck at VCC ;
; orientation[185]      ; Input ; Info     ; Stuck at VCC ;
; orientation[177]      ; Input ; Info     ; Stuck at VCC ;
; orientation[169]      ; Input ; Info     ; Stuck at VCC ;
; orientation[161]      ; Input ; Info     ; Stuck at VCC ;
; orientation[153]      ; Input ; Info     ; Stuck at VCC ;
; orientation[145]      ; Input ; Info     ; Stuck at VCC ;
; orientation[136]      ; Input ; Info     ; Stuck at VCC ;
; orientation[128]      ; Input ; Info     ; Stuck at VCC ;
; orientation[120]      ; Input ; Info     ; Stuck at VCC ;
; orientation[112]      ; Input ; Info     ; Stuck at VCC ;
; orientation[104]      ; Input ; Info     ; Stuck at VCC ;
; orientation[96]       ; Input ; Info     ; Stuck at VCC ;
; orientation[88]       ; Input ; Info     ; Stuck at VCC ;
; orientation[80]       ; Input ; Info     ; Stuck at VCC ;
; orientation[72]       ; Input ; Info     ; Stuck at VCC ;
+-----------------------+-------+----------+--------------+


+-----------------------------------------------------------------------------------------------------------------------+
; Port Connectivity Checks: "rubiks_spi:spi"                                                                            ;
+-------------+--------+----------+-------------------------------------------------------------------------------------+
; Port        ; Type   ; Severity ; Details                                                                             ;
+-------------+--------+----------+-------------------------------------------------------------------------------------+
; orientation ; Output ; Info     ; Connected to dangling logic. Logic that only feeds a dangling port will be removed. ;
+-------------+--------+----------+-------------------------------------------------------------------------------------+


+-----------------------------------------------------+
; Post-Synthesis Netlist Statistics for Top Partition ;
+-----------------------+-----------------------------+
; Type                  ; Count                       ;
+-----------------------+-----------------------------+
; boundary_port         ; 6                           ;
; cycloneiii_ff         ; 55                          ;
;     ENA               ; 10                          ;
;     ENA SCLR          ; 25                          ;
;     SCLR              ; 12                          ;
;     plain             ; 8                           ;
; cycloneiii_lcell_comb ; 142                         ;
;     arith             ; 22                          ;
;         2 data inputs ; 22                          ;
;     normal            ; 120                         ;
;         1 data inputs ; 5                           ;
;         2 data inputs ; 20                          ;
;         3 data inputs ; 18                          ;
;         4 data inputs ; 77                          ;
;                       ;                             ;
; Max LUT depth         ; 10.00                       ;
; Average LUT depth     ; 5.10                        ;
+-----------------------+-----------------------------+


+-------------------------------+
; Elapsed Time Per Partition    ;
+----------------+--------------+
; Partition Name ; Elapsed Time ;
+----------------+--------------+
; Top            ; 00:00:00     ;
+----------------+--------------+


+-------------------------------+
; Analysis & Synthesis Messages ;
+-------------------------------+
Info: *******************************************************************
Info: Running Quartus Prime Analysis & Synthesis
    Info: Version 18.0.0 Build 614 04/24/2018 SJ Lite Edition
    Info: Processing started: Mon Dec 02 12:59:21 2019
Info: Command: quartus_map --read_settings_files=on --write_settings_files=off send_bytes -c send_bytes
Warning (18236): Number of processors has not been specified which may cause overloading on shared machines.  Set the global assignment NUM_PARALLEL_PROCESSORS in your QSF to an appropriate value for best performance.
Info (20030): Parallel compilation is enabled and will use 2 of the 2 processors detected
Info (12021): Found 1 design units, including 1 entities, in source file testbench.sv
    Info (12023): Found entity 1: testbench File: C:/Users/atrujillo/Documents/GitHub/microps/final/testbench.sv Line: 12
Warning (12125): Using design file send_bytes.sv, which is not specified as a design file for the current project, but contains definitions for 10 design units and 10 entities in project
    Info (12023): Found entity 1: send_bytes File: C:/Users/atrujillo/Documents/GitHub/microps/final/send_bytes.sv Line: 2
    Info (12023): Found entity 2: rubiks_spi File: C:/Users/atrujillo/Documents/GitHub/microps/final/send_bytes.sv Line: 20
    Info (12023): Found entity 3: rubiks_core File: C:/Users/atrujillo/Documents/GitHub/microps/final/send_bytes.sv Line: 33
    Info (12023): Found entity 4: face_fsm File: C:/Users/atrujillo/Documents/GitHub/microps/final/send_bytes.sv Line: 98
    Info (12023): Found entity 5: makesquares File: C:/Users/atrujillo/Documents/GitHub/microps/final/send_bytes.sv Line: 173
    Info (12023): Found entity 6: convert_orientation File: C:/Users/atrujillo/Documents/GitHub/microps/final/send_bytes.sv Line: 270
    Info (12023): Found entity 7: colormux File: C:/Users/atrujillo/Documents/GitHub/microps/final/send_bytes.sv Line: 288
    Info (12023): Found entity 8: make_data_stream File: C:/Users/atrujillo/Documents/GitHub/microps/final/send_bytes.sv Line: 329
    Info (12023): Found entity 9: countervalmux File: C:/Users/atrujillo/Documents/GitHub/microps/final/send_bytes.sv Line: 405
    Info (12023): Found entity 10: mux2 File: C:/Users/atrujillo/Documents/GitHub/microps/final/send_bytes.sv Line: 420
Info (12127): Elaborating entity "send_bytes" for the top level hierarchy
Info (12128): Elaborating entity "rubiks_spi" for hierarchy "rubiks_spi:spi" File: C:/Users/atrujillo/Documents/GitHub/microps/final/send_bytes.sv Line: 13
Info (12128): Elaborating entity "rubiks_core" for hierarchy "rubiks_core:core" File: C:/Users/atrujillo/Documents/GitHub/microps/final/send_bytes.sv Line: 14
Warning (10230): Verilog HDL assignment warning at send_bytes.sv(56): truncated value with size 32 to match size of target (3) File: C:/Users/atrujillo/Documents/GitHub/microps/final/send_bytes.sv Line: 56
Warning (10230): Verilog HDL assignment warning at send_bytes.sv(63): truncated value with size 32 to match size of target (9) File: C:/Users/atrujillo/Documents/GitHub/microps/final/send_bytes.sv Line: 63
Info (12128): Elaborating entity "face_fsm" for hierarchy "rubiks_core:core|face_fsm:get_face" File: C:/Users/atrujillo/Documents/GitHub/microps/final/send_bytes.sv Line: 87
Info (12128): Elaborating entity "makesquares" for hierarchy "rubiks_core:core|makesquares:ms" File: C:/Users/atrujillo/Documents/GitHub/microps/final/send_bytes.sv Line: 90
Info (12128): Elaborating entity "colormux" for hierarchy "rubiks_core:core|makesquares:ms|colormux:cm" File: C:/Users/atrujillo/Documents/GitHub/microps/final/send_bytes.sv Line: 264
Info (10264): Verilog HDL Case Statement information at send_bytes.sv(307): all case item expressions in this case statement are onehot File: C:/Users/atrujillo/Documents/GitHub/microps/final/send_bytes.sv Line: 307
Info (12128): Elaborating entity "convert_orientation" for hierarchy "rubiks_core:core|makesquares:ms|colormux:cm|convert_orientation:color1" File: C:/Users/atrujillo/Documents/GitHub/microps/final/send_bytes.sv Line: 296
Info (12128): Elaborating entity "make_data_stream" for hierarchy "rubiks_core:core|make_data_stream:mds" File: C:/Users/atrujillo/Documents/GitHub/microps/final/send_bytes.sv Line: 93
Warning (10230): Verilog HDL assignment warning at send_bytes.sv(350): truncated value with size 32 to match size of target (11) File: C:/Users/atrujillo/Documents/GitHub/microps/final/send_bytes.sv Line: 350
Warning (10230): Verilog HDL assignment warning at send_bytes.sv(355): truncated value with size 32 to match size of target (5) File: C:/Users/atrujillo/Documents/GitHub/microps/final/send_bytes.sv Line: 355
Info (12128): Elaborating entity "countervalmux" for hierarchy "rubiks_core:core|make_data_stream:mds|countervalmux:cntrvalmux" File: C:/Users/atrujillo/Documents/GitHub/microps/final/send_bytes.sv Line: 400
Info (286030): Timing-Driven Synthesis is running
Info (17049): 22 registers lost all their fanouts during netlist optimizations.
Info (16010): Generating hard_block partition "hard_block:auto_generated_inst"
    Info (16011): Adding 0 node(s), including 0 DDIO, 0 PLL, 0 transceiver and 0 LCELL
Warning (21074): Design contains 3 input pin(s) that do not drive logic
    Warning (15610): No output dependent on input pin "sck" File: C:/Users/atrujillo/Documents/GitHub/microps/final/send_bytes.sv Line: 4
    Warning (15610): No output dependent on input pin "sdi" File: C:/Users/atrujillo/Documents/GitHub/microps/final/send_bytes.sv Line: 5
    Warning (15610): No output dependent on input pin "load" File: C:/Users/atrujillo/Documents/GitHub/microps/final/send_bytes.sv Line: 6
Info (21057): Implemented 152 device resources after synthesis - the final resource count might be different
    Info (21058): Implemented 5 input pins
    Info (21059): Implemented 1 output pins
    Info (21061): Implemented 146 logic cells
Info: Quartus Prime Analysis & Synthesis was successful. 0 errors, 10 warnings
    Info: Peak virtual memory: 4763 megabytes
    Info: Processing ended: Mon Dec 02 12:59:32 2019
    Info: Elapsed time: 00:00:11
    Info: Total CPU time (on all processors): 00:00:24


